<?xml version="1.0" encoding="UTF-8"?>
<testsuite xmlns:xsi="http://www.w3.org/2001/XMLSchema-instance" xsi:noNamespaceSchemaLocation="https://maven.apache.org/surefire/maven-surefire-plugin/xsd/surefire-test-report-3.0.xsd" version="3.0" name="com.example.whale_of_a_time.ApplicationIntegrationTest" time="7.986" tests="3" errors="0" skipped="0" failures="0">
  <properties>
    <property name="java.specification.version" value="22"/>
    <property name="sun.jnu.encoding" value="UTF-8"/>
    <property name="java.class.path" value="/Users/epabishai/apps/goldendemo/foundry-of-trust/target/test-classes:/Users/epabishai/apps/goldendemo/foundry-of-trust/target/classes:/Users/epabishai/.m2/repository/org/springframework/boot/spring-boot-starter-web/3.4.5/spring-boot-starter-web-3.4.5.jar:/Users/epabishai/.m2/repository/org/springframework/boot/spring-boot-starter/3.4.5/spring-boot-starter-3.4.5.jar:/Users/epabishai/.m2/repository/org/springframework/boot/spring-boot/3.4.5/spring-boot-3.4.5.jar:/Users/epabishai/.m2/repository/org/springframework/boot/spring-boot-autoconfigure/3.4.5/spring-boot-autoconfigure-3.4.5.jar:/Users/epabishai/.m2/repository/org/springframework/boot/spring-boot-starter-logging/3.4.5/spring-boot-starter-logging-3.4.5.jar:/Users/epabishai/.m2/repository/ch/qos/logback/logback-classic/1.5.18/logback-classic-1.5.18.jar:/Users/epabishai/.m2/repository/ch/qos/logback/logback-core/1.5.18/logback-core-1.5.18.jar:/Users/epabishai/.m2/repository/org/apache/logging/log4j/log4j-to-slf4j/2.24.3/log4j-to-slf4j-2.24.3.jar:/Users/epabishai/.m2/repository/org/apache/logging/log4j/log4j-api/2.24.3/log4j-api-2.24.3.jar:/Users/epabishai/.m2/repository/org/slf4j/jul-to-slf4j/2.0.17/jul-to-slf4j-2.0.17.jar:/Users/epabishai/.m2/repository/jakarta/annotation/jakarta.annotation-api/2.1.1/jakarta.annotation-api-2.1.1.jar:/Users/epabishai/.m2/repository/org/yaml/snakeyaml/2.3/snakeyaml-2.3.jar:/Users/epabishai/.m2/repository/org/springframework/boot/spring-boot-starter-json/3.4.5/spring-boot-starter-json-3.4.5.jar:/Users/epabishai/.m2/repository/com/fasterxml/jackson/core/jackson-databind/2.18.3/jackson-databind-2.18.3.jar:/Users/epabishai/.m2/repository/com/fasterxml/jackson/core/jackson-annotations/2.18.3/jackson-annotations-2.18.3.jar:/Users/epabishai/.m2/repository/com/fasterxml/jackson/core/jackson-core/2.18.3/jackson-core-2.18.3.jar:/Users/epabishai/.m2/repository/com/fasterxml/jackson/datatype/jackson-datatype-jdk8/2.18.3/jackson-datatype-jdk8-2.18.3.jar:/Users/epabishai/.m2/repository/com/fasterxml/jackson/datatype/jackson-datatype-jsr310/2.18.3/jackson-datatype-jsr310-2.18.3.jar:/Users/epabishai/.m2/repository/com/fasterxml/jackson/module/jackson-module-parameter-names/2.18.3/jackson-module-parameter-names-2.18.3.jar:/Users/epabishai/.m2/repository/org/springframework/boot/spring-boot-starter-tomcat/3.4.5/spring-boot-starter-tomcat-3.4.5.jar:/Users/epabishai/.m2/repository/org/apache/tomcat/embed/tomcat-embed-core/10.1.40/tomcat-embed-core-10.1.40.jar:/Users/epabishai/.m2/repository/org/apache/tomcat/embed/tomcat-embed-el/10.1.40/tomcat-embed-el-10.1.40.jar:/Users/epabishai/.m2/repository/org/apache/tomcat/embed/tomcat-embed-websocket/10.1.40/tomcat-embed-websocket-10.1.40.jar:/Users/epabishai/.m2/repository/org/springframework/spring-web/6.2.6/spring-web-6.2.6.jar:/Users/epabishai/.m2/repository/org/springframework/spring-beans/6.2.6/spring-beans-6.2.6.jar:/Users/epabishai/.m2/repository/org/springframework/spring-webmvc/6.2.6/spring-webmvc-6.2.6.jar:/Users/epabishai/.m2/repository/org/springframework/spring-aop/6.2.6/spring-aop-6.2.6.jar:/Users/epabishai/.m2/repository/org/springframework/spring-context/6.2.6/spring-context-6.2.6.jar:/Users/epabishai/.m2/repository/org/springframework/spring-expression/6.2.6/spring-expression-6.2.6.jar:/Users/epabishai/.m2/repository/org/springframework/boot/spring-boot-starter-actuator/3.4.5/spring-boot-starter-actuator-3.4.5.jar:/Users/epabishai/.m2/repository/org/springframework/boot/spring-boot-actuator-autoconfigure/3.4.5/spring-boot-actuator-autoconfigure-3.4.5.jar:/Users/epabishai/.m2/repository/org/springframework/boot/spring-boot-actuator/3.4.5/spring-boot-actuator-3.4.5.jar:/Users/epabishai/.m2/repository/io/micrometer/micrometer-observation/1.14.6/micrometer-observation-1.14.6.jar:/Users/epabishai/.m2/repository/io/micrometer/micrometer-commons/1.14.6/micrometer-commons-1.14.6.jar:/Users/epabishai/.m2/repository/io/micrometer/micrometer-jakarta9/1.14.6/micrometer-jakarta9-1.14.6.jar:/Users/epabishai/.m2/repository/io/micrometer/micrometer-core/1.14.6/micrometer-core-1.14.6.jar:/Users/epabishai/.m2/repository/org/hdrhistogram/HdrHistogram/2.2.2/HdrHistogram-2.2.2.jar:/Users/epabishai/.m2/repository/org/latencyutils/LatencyUtils/2.0.3/LatencyUtils-2.0.3.jar:/Users/epabishai/.m2/repository/org/springframework/boot/spring-boot-starter-test/3.4.5/spring-boot-starter-test-3.4.5.jar:/Users/epabishai/.m2/repository/org/springframework/boot/spring-boot-test/3.4.5/spring-boot-test-3.4.5.jar:/Users/epabishai/.m2/repository/org/springframework/boot/spring-boot-test-autoconfigure/3.4.5/spring-boot-test-autoconfigure-3.4.5.jar:/Users/epabishai/.m2/repository/com/jayway/jsonpath/json-path/2.9.0/json-path-2.9.0.jar:/Users/epabishai/.m2/repository/org/slf4j/slf4j-api/2.0.17/slf4j-api-2.0.17.jar:/Users/epabishai/.m2/repository/jakarta/xml/bind/jakarta.xml.bind-api/4.0.2/jakarta.xml.bind-api-4.0.2.jar:/Users/epabishai/.m2/repository/jakarta/activation/jakarta.activation-api/2.1.3/jakarta.activation-api-2.1.3.jar:/Users/epabishai/.m2/repository/net/minidev/json-smart/2.5.2/json-smart-2.5.2.jar:/Users/epabishai/.m2/repository/net/minidev/accessors-smart/2.5.2/accessors-smart-2.5.2.jar:/Users/epabishai/.m2/repository/org/ow2/asm/asm/9.7.1/asm-9.7.1.jar:/Users/epabishai/.m2/repository/org/assertj/assertj-core/3.26.3/assertj-core-3.26.3.jar:/Users/epabishai/.m2/repository/net/bytebuddy/byte-buddy/1.15.11/byte-buddy-1.15.11.jar:/Users/epabishai/.m2/repository/org/awaitility/awaitility/4.2.2/awaitility-4.2.2.jar:/Users/epabishai/.m2/repository/org/hamcrest/hamcrest/2.2/hamcrest-2.2.jar:/Users/epabishai/.m2/repository/org/junit/jupiter/junit-jupiter/5.11.4/junit-jupiter-5.11.4.jar:/Users/epabishai/.m2/repository/org/junit/jupiter/junit-jupiter-api/5.11.4/junit-jupiter-api-5.11.4.jar:/Users/epabishai/.m2/repository/org/opentest4j/opentest4j/1.3.0/opentest4j-1.3.0.jar:/Users/epabishai/.m2/repository/org/junit/platform/junit-platform-commons/1.11.4/junit-platform-commons-1.11.4.jar:/Users/epabishai/.m2/repository/org/apiguardian/apiguardian-api/1.1.2/apiguardian-api-1.1.2.jar:/Users/epabishai/.m2/repository/org/junit/jupiter/junit-jupiter-params/5.11.4/junit-jupiter-params-5.11.4.jar:/Users/epabishai/.m2/repository/org/junit/jupiter/junit-jupiter-engine/5.11.4/junit-jupiter-engine-5.11.4.jar:/Users/epabishai/.m2/repository/org/junit/platform/junit-platform-engine/1.11.4/junit-platform-engine-1.11.4.jar:/Users/epabishai/.m2/repository/org/mockito/mockito-core/5.14.2/mockito-core-5.14.2.jar:/Users/epabishai/.m2/repository/net/bytebuddy/byte-buddy-agent/1.15.11/byte-buddy-agent-1.15.11.jar:/Users/epabishai/.m2/repository/org/objenesis/objenesis/3.3/objenesis-3.3.jar:/Users/epabishai/.m2/repository/org/mockito/mockito-junit-jupiter/5.14.2/mockito-junit-jupiter-5.14.2.jar:/Users/epabishai/.m2/repository/org/skyscreamer/jsonassert/1.5.3/jsonassert-1.5.3.jar:/Users/epabishai/.m2/repository/com/vaadin/external/google/android-json/0.0.20131108.vaadin1/android-json-0.0.20131108.vaadin1.jar:/Users/epabishai/.m2/repository/org/springframework/spring-core/6.2.6/spring-core-6.2.6.jar:/Users/epabishai/.m2/repository/org/springframework/spring-jcl/6.2.6/spring-jcl-6.2.6.jar:/Users/epabishai/.m2/repository/org/springframework/spring-test/6.2.6/spring-test-6.2.6.jar:/Users/epabishai/.m2/repository/org/xmlunit/xmlunit-core/2.10.0/xmlunit-core-2.10.0.jar:/Users/epabishai/.m2/repository/org/testcontainers/junit-jupiter/1.20.4/junit-jupiter-1.20.4.jar:/Users/epabishai/.m2/repository/org/testcontainers/testcontainers/1.20.4/testcontainers-1.20.4.jar:/Users/epabishai/.m2/repository/junit/junit/4.13.2/junit-4.13.2.jar:/Users/epabishai/.m2/repository/org/hamcrest/hamcrest-core/2.2/hamcrest-core-2.2.jar:/Users/epabishai/.m2/repository/org/apache/commons/commons-compress/1.24.0/commons-compress-1.24.0.jar:/Users/epabishai/.m2/repository/org/rnorth/duct-tape/duct-tape/1.0.8/duct-tape-1.0.8.jar:/Users/epabishai/.m2/repository/org/jetbrains/annotations/17.0.0/annotations-17.0.0.jar:/Users/epabishai/.m2/repository/com/github/docker-java/docker-java-api/3.4.0/docker-java-api-3.4.0.jar:/Users/epabishai/.m2/repository/com/github/docker-java/docker-java-transport-zerodep/3.4.0/docker-java-transport-zerodep-3.4.0.jar:/Users/epabishai/.m2/repository/com/github/docker-java/docker-java-transport/3.4.0/docker-java-transport-3.4.0.jar:/Users/epabishai/.m2/repository/net/java/dev/jna/jna/5.13.0/jna-5.13.0.jar:"/>
    <property name="java.vm.vendor" value="Oracle Corporation"/>
    <property name="LOG_PATH" value="/tmp"/>
    <property name="sun.arch.data.model" value="64"/>
    <property name="java.vendor.url" value="https://java.oracle.com/"/>
    <property name="catalina.useNaming" value="false"/>
    <property name="user.timezone" value="America/New_York"/>
    <property name="os.name" value="Mac OS X"/>
    <property name="java.vm.specification.version" value="22"/>
    <property name="APPLICATION_NAME" value="whale-of-a-time"/>
    <property name="user.country" value="US"/>
    <property name="sun.java.launcher" value="SUN_STANDARD"/>
    <property name="sun.boot.library.path" value="/Library/Java/JavaVirtualMachines/jdk-22.jdk/Contents/Home/lib"/>
    <property name="sun.java.command" value="/Users/epabishai/apps/goldendemo/foundry-of-trust/target/surefire/surefirebooter-20251028181814802_3.jar /Users/epabishai/apps/goldendemo/foundry-of-trust/target/surefire 2025-10-28T18-18-14_758-jvmRun1 surefire-20251028181814802_1tmp surefire_0-20251028181814802_2tmp"/>
    <property name="http.nonProxyHosts" value="local|*.local|169.254/16|*.169.254/16"/>
    <property name="jdk.debug" value="release"/>
    <property name="surefire.test.class.path" value="/Users/epabishai/apps/goldendemo/foundry-of-trust/target/test-classes:/Users/epabishai/apps/goldendemo/foundry-of-trust/target/classes:/Users/epabishai/.m2/repository/org/springframework/boot/spring-boot-starter-web/3.4.5/spring-boot-starter-web-3.4.5.jar:/Users/epabishai/.m2/repository/org/springframework/boot/spring-boot-starter/3.4.5/spring-boot-starter-3.4.5.jar:/Users/epabishai/.m2/repository/org/springframework/boot/spring-boot/3.4.5/spring-boot-3.4.5.jar:/Users/epabishai/.m2/repository/org/springframework/boot/spring-boot-autoconfigure/3.4.5/spring-boot-autoconfigure-3.4.5.jar:/Users/epabishai/.m2/repository/org/springframework/boot/spring-boot-starter-logging/3.4.5/spring-boot-starter-logging-3.4.5.jar:/Users/epabishai/.m2/repository/ch/qos/logback/logback-classic/1.5.18/logback-classic-1.5.18.jar:/Users/epabishai/.m2/repository/ch/qos/logback/logback-core/1.5.18/logback-core-1.5.18.jar:/Users/epabishai/.m2/repository/org/apache/logging/log4j/log4j-to-slf4j/2.24.3/log4j-to-slf4j-2.24.3.jar:/Users/epabishai/.m2/repository/org/apache/logging/log4j/log4j-api/2.24.3/log4j-api-2.24.3.jar:/Users/epabishai/.m2/repository/org/slf4j/jul-to-slf4j/2.0.17/jul-to-slf4j-2.0.17.jar:/Users/epabishai/.m2/repository/jakarta/annotation/jakarta.annotation-api/2.1.1/jakarta.annotation-api-2.1.1.jar:/Users/epabishai/.m2/repository/org/yaml/snakeyaml/2.3/snakeyaml-2.3.jar:/Users/epabishai/.m2/repository/org/springframework/boot/spring-boot-starter-json/3.4.5/spring-boot-starter-json-3.4.5.jar:/Users/epabishai/.m2/repository/com/fasterxml/jackson/core/jackson-databind/2.18.3/jackson-databind-2.18.3.jar:/Users/epabishai/.m2/repository/com/fasterxml/jackson/core/jackson-annotations/2.18.3/jackson-annotations-2.18.3.jar:/Users/epabishai/.m2/repository/com/fasterxml/jackson/core/jackson-core/2.18.3/jackson-core-2.18.3.jar:/Users/epabishai/.m2/repository/com/fasterxml/jackson/datatype/jackson-datatype-jdk8/2.18.3/jackson-datatype-jdk8-2.18.3.jar:/Users/epabishai/.m2/repository/com/fasterxml/jackson/datatype/jackson-datatype-jsr310/2.18.3/jackson-datatype-jsr310-2.18.3.jar:/Users/epabishai/.m2/repository/com/fasterxml/jackson/module/jackson-module-parameter-names/2.18.3/jackson-module-parameter-names-2.18.3.jar:/Users/epabishai/.m2/repository/org/springframework/boot/spring-boot-starter-tomcat/3.4.5/spring-boot-starter-tomcat-3.4.5.jar:/Users/epabishai/.m2/repository/org/apache/tomcat/embed/tomcat-embed-core/10.1.40/tomcat-embed-core-10.1.40.jar:/Users/epabishai/.m2/repository/org/apache/tomcat/embed/tomcat-embed-el/10.1.40/tomcat-embed-el-10.1.40.jar:/Users/epabishai/.m2/repository/org/apache/tomcat/embed/tomcat-embed-websocket/10.1.40/tomcat-embed-websocket-10.1.40.jar:/Users/epabishai/.m2/repository/org/springframework/spring-web/6.2.6/spring-web-6.2.6.jar:/Users/epabishai/.m2/repository/org/springframework/spring-beans/6.2.6/spring-beans-6.2.6.jar:/Users/epabishai/.m2/repository/org/springframework/spring-webmvc/6.2.6/spring-webmvc-6.2.6.jar:/Users/epabishai/.m2/repository/org/springframework/spring-aop/6.2.6/spring-aop-6.2.6.jar:/Users/epabishai/.m2/repository/org/springframework/spring-context/6.2.6/spring-context-6.2.6.jar:/Users/epabishai/.m2/repository/org/springframework/spring-expression/6.2.6/spring-expression-6.2.6.jar:/Users/epabishai/.m2/repository/org/springframework/boot/spring-boot-starter-actuator/3.4.5/spring-boot-starter-actuator-3.4.5.jar:/Users/epabishai/.m2/repository/org/springframework/boot/spring-boot-actuator-autoconfigure/3.4.5/spring-boot-actuator-autoconfigure-3.4.5.jar:/Users/epabishai/.m2/repository/org/springframework/boot/spring-boot-actuator/3.4.5/spring-boot-actuator-3.4.5.jar:/Users/epabishai/.m2/repository/io/micrometer/micrometer-observation/1.14.6/micrometer-observation-1.14.6.jar:/Users/epabishai/.m2/repository/io/micrometer/micrometer-commons/1.14.6/micrometer-commons-1.14.6.jar:/Users/epabishai/.m2/repository/io/micrometer/micrometer-jakarta9/1.14.6/micrometer-jakarta9-1.14.6.jar:/Users/epabishai/.m2/repository/io/micrometer/micrometer-core/1.14.6/micrometer-core-1.14.6.jar:/Users/epabishai/.m2/repository/org/hdrhistogram/HdrHistogram/2.2.2/HdrHistogram-2.2.2.jar:/Users/epabishai/.m2/repository/org/latencyutils/LatencyUtils/2.0.3/LatencyUtils-2.0.3.jar:/Users/epabishai/.m2/repository/org/springframework/boot/spring-boot-starter-test/3.4.5/spring-boot-starter-test-3.4.5.jar:/Users/epabishai/.m2/repository/org/springframework/boot/spring-boot-test/3.4.5/spring-boot-test-3.4.5.jar:/Users/epabishai/.m2/repository/org/springframework/boot/spring-boot-test-autoconfigure/3.4.5/spring-boot-test-autoconfigure-3.4.5.jar:/Users/epabishai/.m2/repository/com/jayway/jsonpath/json-path/2.9.0/json-path-2.9.0.jar:/Users/epabishai/.m2/repository/org/slf4j/slf4j-api/2.0.17/slf4j-api-2.0.17.jar:/Users/epabishai/.m2/repository/jakarta/xml/bind/jakarta.xml.bind-api/4.0.2/jakarta.xml.bind-api-4.0.2.jar:/Users/epabishai/.m2/repository/jakarta/activation/jakarta.activation-api/2.1.3/jakarta.activation-api-2.1.3.jar:/Users/epabishai/.m2/repository/net/minidev/json-smart/2.5.2/json-smart-2.5.2.jar:/Users/epabishai/.m2/repository/net/minidev/accessors-smart/2.5.2/accessors-smart-2.5.2.jar:/Users/epabishai/.m2/repository/org/ow2/asm/asm/9.7.1/asm-9.7.1.jar:/Users/epabishai/.m2/repository/org/assertj/assertj-core/3.26.3/assertj-core-3.26.3.jar:/Users/epabishai/.m2/repository/net/bytebuddy/byte-buddy/1.15.11/byte-buddy-1.15.11.jar:/Users/epabishai/.m2/repository/org/awaitility/awaitility/4.2.2/awaitility-4.2.2.jar:/Users/epabishai/.m2/repository/org/hamcrest/hamcrest/2.2/hamcrest-2.2.jar:/Users/epabishai/.m2/repository/org/junit/jupiter/junit-jupiter/5.11.4/junit-jupiter-5.11.4.jar:/Users/epabishai/.m2/repository/org/junit/jupiter/junit-jupiter-api/5.11.4/junit-jupiter-api-5.11.4.jar:/Users/epabishai/.m2/repository/org/opentest4j/opentest4j/1.3.0/opentest4j-1.3.0.jar:/Users/epabishai/.m2/repository/org/junit/platform/junit-platform-commons/1.11.4/junit-platform-commons-1.11.4.jar:/Users/epabishai/.m2/repository/org/apiguardian/apiguardian-api/1.1.2/apiguardian-api-1.1.2.jar:/Users/epabishai/.m2/repository/org/junit/jupiter/junit-jupiter-params/5.11.4/junit-jupiter-params-5.11.4.jar:/Users/epabishai/.m2/repository/org/junit/jupiter/junit-jupiter-engine/5.11.4/junit-jupiter-engine-5.11.4.jar:/Users/epabishai/.m2/repository/org/junit/platform/junit-platform-engine/1.11.4/junit-platform-engine-1.11.4.jar:/Users/epabishai/.m2/repository/org/mockito/mockito-core/5.14.2/mockito-core-5.14.2.jar:/Users/epabishai/.m2/repository/net/bytebuddy/byte-buddy-agent/1.15.11/byte-buddy-agent-1.15.11.jar:/Users/epabishai/.m2/repository/org/objenesis/objenesis/3.3/objenesis-3.3.jar:/Users/epabishai/.m2/repository/org/mockito/mockito-junit-jupiter/5.14.2/mockito-junit-jupiter-5.14.2.jar:/Users/epabishai/.m2/repository/org/skyscreamer/jsonassert/1.5.3/jsonassert-1.5.3.jar:/Users/epabishai/.m2/repository/com/vaadin/external/google/android-json/0.0.20131108.vaadin1/android-json-0.0.20131108.vaadin1.jar:/Users/epabishai/.m2/repository/org/springframework/spring-core/6.2.6/spring-core-6.2.6.jar:/Users/epabishai/.m2/repository/org/springframework/spring-jcl/6.2.6/spring-jcl-6.2.6.jar:/Users/epabishai/.m2/repository/org/springframework/spring-test/6.2.6/spring-test-6.2.6.jar:/Users/epabishai/.m2/repository/org/xmlunit/xmlunit-core/2.10.0/xmlunit-core-2.10.0.jar:/Users/epabishai/.m2/repository/org/testcontainers/junit-jupiter/1.20.4/junit-jupiter-1.20.4.jar:/Users/epabishai/.m2/repository/org/testcontainers/testcontainers/1.20.4/testcontainers-1.20.4.jar:/Users/epabishai/.m2/repository/junit/junit/4.13.2/junit-4.13.2.jar:/Users/epabishai/.m2/repository/org/hamcrest/hamcrest-core/2.2/hamcrest-core-2.2.jar:/Users/epabishai/.m2/repository/org/apache/commons/commons-compress/1.24.0/commons-compress-1.24.0.jar:/Users/epabishai/.m2/repository/org/rnorth/duct-tape/duct-tape/1.0.8/duct-tape-1.0.8.jar:/Users/epabishai/.m2/repository/org/jetbrains/annotations/17.0.0/annotations-17.0.0.jar:/Users/epabishai/.m2/repository/com/github/docker-java/docker-java-api/3.4.0/docker-java-api-3.4.0.jar:/Users/epabishai/.m2/repository/com/github/docker-java/docker-java-transport-zerodep/3.4.0/docker-java-transport-zerodep-3.4.0.jar:/Users/epabishai/.m2/repository/com/github/docker-java/docker-java-transport/3.4.0/docker-java-transport-3.4.0.jar:/Users/epabishai/.m2/repository/net/java/dev/jna/jna/5.13.0/jna-5.13.0.jar:"/>
    <property name="sun.cpu.endian" value="little"/>
    <property name="user.home" value="/Users/epabishai"/>
    <property name="user.language" value="en"/>
    <property name="java.specification.vendor" value="Oracle Corporation"/>
    <property name="java.version.date" value="2024-03-19"/>
    <property name="java.home" value="/Library/Java/JavaVirtualMachines/jdk-22.jdk/Contents/Home"/>
    <property name="file.separator" value="/"/>
    <property name="basedir" value="/Users/epabishai/apps/goldendemo/foundry-of-trust"/>
    <property name="java.vm.compressedOopsMode" value="Zero based"/>
    <property name="line.separator" value="&#10;"/>
    <property name="java.vm.specification.vendor" value="Oracle Corporation"/>
    <property name="java.specification.name" value="Java Platform API Specification"/>
    <property name="FILE_LOG_CHARSET" value="UTF-8"/>
    <property name="java.awt.headless" value="true"/>
    <property name="apple.awt.application.name" value="ForkedBooter"/>
    <property name="surefire.real.class.path" value="/Users/epabishai/apps/goldendemo/foundry-of-trust/target/surefire/surefirebooter-20251028181814802_3.jar"/>
    <property name="sun.management.compiler" value="HotSpot 64-Bit Tiered Compilers"/>
    <property name="ftp.nonProxyHosts" value="local|*.local|169.254/16|*.169.254/16"/>
    <property name="java.runtime.version" value="22+36-2370"/>
    <property name="user.name" value="epabishai"/>
    <property name="stdout.encoding" value="UTF-8"/>
    <property name="path.separator" value=":"/>
    <property name="os.version" value="15.7"/>
    <property name="java.runtime.name" value="Java(TM) SE Runtime Environment"/>
    <property name="file.encoding" value="UTF-8"/>
    <property name="java.vm.name" value="Java HotSpot(TM) 64-Bit Server VM"/>
    <property name="LOG_FILE" value="spring.log"/>
    <property name="localRepository" value="/Users/epabishai/.m2/repository"/>
    <property name="java.vendor.url.bug" value="https://bugreport.java.com/bugreport/"/>
    <property name="java.io.tmpdir" value="/var/folders/sk/rf9f54h54t382dd2wvthftqh0000gp/T/"/>
    <property name="catalina.home" value="/private/var/folders/sk/rf9f54h54t382dd2wvthftqh0000gp/T/tomcat.0.4401633217781587806"/>
    <property name="java.version" value="22"/>
    <property name="user.dir" value="/Users/epabishai/apps/goldendemo/foundry-of-trust"/>
    <property name="os.arch" value="aarch64"/>
    <property name="java.vm.specification.name" value="Java Virtual Machine Specification"/>
    <property name="PID" value="44646"/>
    <property name="CONSOLE_LOG_CHARSET" value="UTF-8"/>
    <property name="catalina.base" value="/private/var/folders/sk/rf9f54h54t382dd2wvthftqh0000gp/T/tomcat.0.4401633217781587806"/>
    <property name="native.encoding" value="UTF-8"/>
    <property name="java.library.path" value="/Users/epabishai/Library/Java/Extensions:/Library/Java/Extensions:/Network/Library/Java/Extensions:/System/Library/Java/Extensions:/usr/lib/java:."/>
    <property name="java.vm.info" value="mixed mode, sharing"/>
    <property name="stderr.encoding" value="UTF-8"/>
    <property name="java.vendor" value="Oracle Corporation"/>
    <property name="java.vm.version" value="22+36-2370"/>
    <property name="sun.io.unicode.encoding" value="UnicodeBig"/>
    <property name="socksNonProxyHosts" value="local|*.local|169.254/16|*.169.254/16"/>
    <property name="java.class.version" value="66.0"/>
    <property name="LOGGED_APPLICATION_NAME" value="[whale-of-a-time] "/>
  </properties>
  <testcase name="applicationStartsSuccessfully" classname="com.example.whale_of_a_time.ApplicationIntegrationTest" time="0.112">
    <system-out><![CDATA[2025-10-28 18:18:16 - Could not detect default configuration classes for test class [com.example.whale_of_a_time.ApplicationIntegrationTest]: ApplicationIntegrationTest does not declare any static, non-private, non-final, nested classes annotated with @Configuration.
2025-10-28 18:18:16 - Found @SpringBootConfiguration com.example.whale_of_a_time.WhaleOfATimeApplication for test class com.example.whale_of_a_time.ApplicationIntegrationTest
2025-10-28 18:18:16 - Image pull policy will be performed by: DefaultPullPolicy()
2025-10-28 18:18:16 - Image name substitution will be performed by: DefaultImageNameSubstitutor (composite of 'ConfigurationFileImageNameSubstitutor' and 'PrefixingImageNameSubstitutor')
2025-10-28 18:18:16 - Testcontainers version: 1.20.4
2025-10-28 18:18:19 - Found Docker environment with Testcontainers Host with tc.host=tcp://127.0.0.1:49305
2025-10-28 18:18:19 - Docker host IP address is 127.0.0.1
2025-10-28 18:18:19 - Connected to docker: 
  Server Version: 28.3.3 (via Testcontainers Desktop 1.18.1)
  API Version: 1.51
  Operating System: Ubuntu 20.04 LTS
  Total Memory: 7407 MB
  Labels: 
    cloud.docker.run.version=250.24defdd2
2025-10-28 18:18:19 - Checking the system...
2025-10-28 18:18:19 - ✔︎ Docker server version should be at least 1.6.0
2025-10-28 18:18:19 - Pulling docker image: redis:alpine. Please be patient; this may take some time but only needs to be done once.
2025-10-28 18:18:20 - Starting to pull image
2025-10-28 18:18:20 - Pulling image layers:  0 pending,  0 downloaded,  0 extracted, (0 bytes/0 bytes)
2025-10-28 18:18:21 - Pulling image layers:  6 pending,  1 downloaded,  0 extracted, (0 bytes/? MB)
2025-10-28 18:18:21 - Pulling image layers:  5 pending,  2 downloaded,  0 extracted, (0 bytes/? MB)
2025-10-28 18:18:21 - Pulling image layers:  4 pending,  3 downloaded,  0 extracted, (2 MB/? MB)
2025-10-28 18:18:21 - Pulling image layers:  3 pending,  4 downloaded,  0 extracted, (2 MB/? MB)
2025-10-28 18:18:21 - Pulling image layers:  2 pending,  5 downloaded,  0 extracted, (2 MB/? MB)
2025-10-28 18:18:21 - Pulling image layers:  1 pending,  6 downloaded,  0 extracted, (6 MB/? MB)
2025-10-28 18:18:21 - Pulling image layers:  1 pending,  6 downloaded,  1 extracted, (16 MB/? MB)
2025-10-28 18:18:21 - Pulling image layers:  1 pending,  6 downloaded,  2 extracted, (16 MB/? MB)
2025-10-28 18:18:21 - Pulling image layers:  1 pending,  6 downloaded,  3 extracted, (19 MB/? MB)
2025-10-28 18:18:21 - Pulling image layers:  0 pending,  7 downloaded,  3 extracted, (19 MB/26 MB)
2025-10-28 18:18:21 - Pulling image layers:  0 pending,  7 downloaded,  4 extracted, (19 MB/26 MB)
2025-10-28 18:18:21 - Pulling image layers:  0 pending,  7 downloaded,  5 extracted, (19 MB/26 MB)
2025-10-28 18:18:21 - Pulling image layers:  0 pending,  7 downloaded,  6 extracted, (19 MB/26 MB)
2025-10-28 18:18:21 - Pulling image layers:  0 pending,  7 downloaded,  7 extracted, (19 MB/26 MB)
2025-10-28 18:18:21 - Pull complete. 7 layers, pulled in 1s (downloaded 19 MB at 19 MB/s)
2025-10-28 18:18:21 - Image redis:alpine pull took PT1.919966S
2025-10-28 18:18:21 - Creating container for image: redis:alpine
2025-10-28 18:18:21 - Pulling docker image: testcontainers/ryuk:0.11.0. Please be patient; this may take some time but only needs to be done once.
2025-10-28 18:18:22 - Starting to pull image
2025-10-28 18:18:22 - Pulling image layers:  0 pending,  0 downloaded,  0 extracted, (0 bytes/0 bytes)
2025-10-28 18:18:22 - Pulling image layers:  2 pending,  1 downloaded,  0 extracted, (0 bytes/? MB)
2025-10-28 18:18:22 - Pulling image layers:  1 pending,  2 downloaded,  0 extracted, (4 MB/? MB)
2025-10-28 18:18:22 - Pulling image layers:  0 pending,  3 downloaded,  0 extracted, (4 MB/10 MB)
2025-10-28 18:18:22 - Pulling image layers:  0 pending,  3 downloaded,  1 extracted, (4 MB/10 MB)
2025-10-28 18:18:22 - Pulling image layers:  0 pending,  3 downloaded,  2 extracted, (4 MB/10 MB)
2025-10-28 18:18:22 - Pulling image layers:  0 pending,  3 downloaded,  3 extracted, (4 MB/10 MB)
2025-10-28 18:18:22 - Image testcontainers/ryuk:0.11.0 pull took PT0.845813S
2025-10-28 18:18:22 - Creating container for image: testcontainers/ryuk:0.11.0
2025-10-28 18:18:22 - Container testcontainers/ryuk:0.11.0 is starting: d8267e50b1783805d1decedba930bd4d74efeb9865ec5b2b792bb0ea4c926107
2025-10-28 18:18:23 - Container testcontainers/ryuk:0.11.0 started in PT0.666186S
2025-10-28 18:18:23 - Container redis:alpine is starting: a667e6302e9773320f2f1d267e5f10ccab8334e57ab5800784c69f99b23832f3
2025-10-28 18:18:23 - Container redis:alpine started in PT2.221165S

  .   ____          _            __ _ _
 /\\ / ___'_ __ _ _(_)_ __  __ _ \ \ \ \
( ( )\___ | '_ | '_| | '_ \/ _` | \ \ \ \
 \\/  ___)| |_)| | | | | || (_| |  ) ) ) )
  '  |____| .__|_| |_|_| |_\__, | / / / /
 =========|_|==============|___/=/_/_/_/

 :: Spring Boot ::                (v3.4.5)

2025-10-28 18:18:24 - Starting ApplicationIntegrationTest using Java 22 with PID 44646 (started by epabishai in /Users/epabishai/apps/goldendemo/foundry-of-trust)
2025-10-28 18:18:24 - No active profile set, falling back to 1 default profile: "default"
2025-10-28 18:18:24 - Tomcat initialized with port 0 (http)
2025-10-28 18:18:24 - Initializing ProtocolHandler ["http-nio-auto-1"]
2025-10-28 18:18:24 - Starting service [Tomcat]
2025-10-28 18:18:24 - Starting Servlet engine: [Apache Tomcat/10.1.40]
2025-10-28 18:18:24 - Initializing Spring embedded WebApplicationContext
2025-10-28 18:18:24 - Root WebApplicationContext: initialization completed in 180 ms
2025-10-28 18:18:24 - Adding welcome page: class path resource [static/index.html]
2025-10-28 18:18:24 - Exposing 1 endpoint beneath base path '/actuator'
2025-10-28 18:18:24 - Starting ProtocolHandler ["http-nio-auto-1"]
2025-10-28 18:18:24 - Tomcat started on port 58113 (http) with context path '/'
2025-10-28 18:18:24 - Started ApplicationIntegrationTest in 0.291 seconds (process running for 9.337)
2025-10-28 18:18:24 - Initializing Spring DispatcherServlet 'dispatcherServlet'
2025-10-28 18:18:24 - Initializing Servlet 'dispatcherServlet'
2025-10-28 18:18:24 - Completed initialization in 0 ms
]]></system-out>
  </testcase>
  <testcase name="testcontainerIsWorking" classname="com.example.whale_of_a_time.ApplicationIntegrationTest" time="0.022"/>
  <testcase name="githubLinkIsPresent" classname="com.example.whale_of_a_time.ApplicationIntegrationTest" time="0.005"/>
</testsuite>